[debug] [2022-11-10T17:27:45.095Z] ----------------------------------------------------------------------
[debug] [2022-11-10T17:27:45.097Z] Command:       C:\Program Files\nodejs\node.exe C:\Users\S-K-R\AppData\Roaming\npm\node_modules\firebase-tools\lib\bin\firebase.js init
[debug] [2022-11-10T17:27:45.098Z] CLI Version:   11.15.0
[debug] [2022-11-10T17:27:45.098Z] Platform:      win32
[debug] [2022-11-10T17:27:45.098Z] Node Version:  v16.16.0
[debug] [2022-11-10T17:27:45.099Z] Time:          Thu Nov 10 2022 23:27:45 GMT+0600 (Bangladesh Standard Time)
[debug] [2022-11-10T17:27:45.099Z] ----------------------------------------------------------------------
[debug] 
[debug] [2022-11-10T17:27:45.107Z] > command requires scopes: ["email","openid","https://www.googleapis.com/auth/cloudplatformprojects.readonly","https://www.googleapis.com/auth/firebase","https://www.googleapis.com/auth/cloud-platform"]
[debug] [2022-11-10T17:27:45.107Z] > authorizing via signed-in user (sakkhor.chowdhury@gmail.com)
[info] 
     ######## #### ########  ######## ########     ###     ######  ########
     ##        ##  ##     ## ##       ##     ##  ##   ##  ##       ##
     ######    ##  ########  ######   ########  #########  ######  ######
     ##        ##  ##    ##  ##       ##     ## ##     ##       ## ##
     ##       #### ##     ## ######## ########  ##     ##  ######  ########

You're about to initialize a Firebase project in this directory:

  D:\ProgrammingHero\projects\assignments\reactjs-warmup-client-side

[info] 
=== Project Setup
[info] 
[info] First, let's associate this project directory with a Firebase project.
[info] You can create multiple project aliases by running firebase use --add, 
[info] but for now we'll just set up a default project.
[info] 
[debug] [2022-11-10T17:28:08.618Z] > refreshing access token with scopes: []
[debug] [2022-11-10T17:28:08.621Z] >>> [apiv2][query] POST https://www.googleapis.com/oauth2/v3/token [none]
[debug] [2022-11-10T17:28:08.622Z] >>> [apiv2][body] POST https://www.googleapis.com/oauth2/v3/token [omitted]
[debug] [2022-11-10T17:28:09.057Z] <<< [apiv2][status] POST https://www.googleapis.com/oauth2/v3/token 200
[debug] [2022-11-10T17:28:09.057Z] <<< [apiv2][body] POST https://www.googleapis.com/oauth2/v3/token [omitted]
[debug] [2022-11-10T17:28:09.104Z] >>> [apiv2][query] GET https://firebase.googleapis.com/v1beta1/projects pageSize=100
[debug] [2022-11-10T17:28:10.174Z] <<< [apiv2][status] GET https://firebase.googleapis.com/v1beta1/projects 200
[debug] [2022-11-10T17:28:10.175Z] <<< [apiv2][body] GET https://firebase.googleapis.com/v1beta1/projects [omitted]
[info] i  Using project reactjs-warmup-website (reactjs-warmup-website) 
[info] 
=== Hosting Setup
[info] 
[info] Your public directory is the folder (relative to your project directory) that
[info] will contain Hosting assets to be uploaded with firebase deploy. If you
[info] have a build process for your assets, use your build's output directory.
[info] 
